<?xml version="1.0" encoding="UTF-8"?>
<testsuite name="com.calc.matrixcalculator.math.MatrixTest" tests="11" skipped="0" failures="0" errors="0" timestamp="2026-08-28T10:57:40" hostname="CHAITANYA" time="0.006">
  <properties/>
  <testcase name="of vararg creates correct matrix" classname="com.calc.matrixcalculator.math.MatrixTest" time="0.0"/>
  <testcase name="wrong row count throws" classname="com.calc.matrixcalculator.math.MatrixTest" time="0.001"/>
  <testcase name="equality with epsilon" classname="com.calc.matrixcalculator.math.MatrixTest" time="0.0"/>
  <testcase name="wrong col count throws" classname="com.calc.matrixcalculator.math.MatrixTest" time="0.004"/>
  <testcase name="create matrix with valid dimensions" classname="com.calc.matrixcalculator.math.MatrixTest" time="0.0"/>
  <testcase name="zero cols throws" classname="com.calc.matrixcalculator.math.MatrixTest" time="0.0"/>
  <testcase name="inequality" classname="com.calc.matrixcalculator.math.MatrixTest" time="0.0"/>
  <testcase name="zero rows throws" classname="com.calc.matrixcalculator.math.MatrixTest" time="0.0"/>
  <testcase name="zero factory" classname="com.calc.matrixcalculator.math.MatrixTest" time="0.0"/>
  <testcase name="identity factory" classname="com.calc.matrixcalculator.math.MatrixTest" time="0.001"/>
  <testcase name="copy is independent" classname="com.calc.matrixcalculator.math.MatrixTest" time="0.0"/>
  <system-out><![CDATA[]]></system-out>
  <system-err><![CDATA[]]></system-err>
</testsuite>
